#
# There is insufficient memory for the Java Runtime Environment to continue.
# Native memory allocation (mmap) failed to map 65536 bytes for Failed to commit metaspace.
# Possible reasons:
#   The system is out of physical RAM or swap space
#   The process is running with CompressedOops enabled, and the Java Heap may be blocking the growth of the native heap
# Possible solutions:
#   Reduce memory load on the system
#   Increase physical memory or swap space
#   Check if swap backing store is full
#   Decrease Java heap size (-Xmx/-Xms)
#   Decrease number of Java threads
#   Decrease Java thread stack sizes (-Xss)
#   Set larger code cache with -XX:ReservedCodeCacheSize=
#   JVM is running with Unscaled Compressed Oops mode in which the Java heap is
#     placed in the first 4GB address space. The Java Heap base address is the
#     maximum limit for the native heap growth. Please use -XX:HeapBaseMinAddress
#     to set the Java Heap base and to place the Java Heap above 4GB virtual address.
# This output file may be truncated or incomplete.
#
#  Out of Memory Error (virtualSpaceNode.cpp:110), pid=14756, tid=27024
#
# JRE version: OpenJDK Runtime Environment Temurin-17.0.5+8 (17.0.5+8) (build 17.0.5+8)
# Java VM: OpenJDK 64-Bit Server VM Temurin-17.0.5+8 (17.0.5+8, mixed mode, tiered, compressed oops, compressed class ptrs, g1 gc, windows-amd64)
# No core dump will be written. Minidumps are not enabled by default on client versions of Windows
#

---------------  S U M M A R Y ------------

Command Line: -Dfile.encoding=UTF-8 -XX:+ShowCodeDetailsInExceptionMessages travel.management.system.Signup

Host: Intel(R) Core(TM) i5-1035G1 CPU @ 1.00GHz, 8 cores, 7G,  Windows 10 , 64 bit Build 19041 (10.0.19041.2788)
Time: Mon Apr 17 01:05:48 2023 India Standard Time elapsed time: 0.533877 seconds (0d 0h 0m 0s)

---------------  T H R E A D  ---------------

Current thread (0x0000028b7a933e90):  JavaThread "Image Fetcher 0" daemon [_thread_in_vm, id=27024, stack(0x000000ee17300000,0x000000ee17400000)]

Stack: [0x000000ee17300000,0x000000ee17400000]
Native frames: (J=compiled Java code, j=interpreted, Vv=VM code, C=native code)
V  [jvm.dll+0x676b3a]
V  [jvm.dll+0x831444]
V  [jvm.dll+0x832bee]
V  [jvm.dll+0x833253]
V  [jvm.dll+0x244ce5]
V  [jvm.dll+0x82d4db]
V  [jvm.dll+0x61b2f6]
V  [jvm.dll+0x61b35a]
V  [jvm.dll+0x61db7a]
V  [jvm.dll+0x61bc96]
V  [jvm.dll+0x62cab9]
V  [jvm.dll+0x625e04]
V  [jvm.dll+0x37edb1]
C  0x0000028b629bc6fe

Java frames: (J=compiled Java code, j=interpreted, Vv=VM code)
j  sun.util.locale.LocaleUtils.isAlphaString(Ljava/lang/String;)Z+0 java.base@17.0.5
j  sun.util.locale.LanguageTag.isLanguage(Ljava/lang/String;)Z+17 java.base@17.0.5
j  sun.util.locale.LanguageTag.parseLanguage(Lsun/util/locale/StringTokenIterator;Lsun/util/locale/ParseStatus;)Z+26 java.base@17.0.5
j  sun.util.locale.LanguageTag.parse(Ljava/lang/String;Lsun/util/locale/ParseStatus;)Lsun/util/locale/LanguageTag;+79 java.base@17.0.5
j  java.util.Locale.forLanguageTag(Ljava/lang/String;)Ljava/util/Locale;+2 java.base@17.0.5
j  sun.util.cldr.CLDRBaseLocaleDataMetaInfo.<clinit>()V+48 java.base@17.0.5
v  ~StubRoutines::call_stub
j  sun.util.cldr.CLDRLocaleProviderAdapter.<clinit>()V+0 java.base@17.0.5
v  ~StubRoutines::call_stub
j  java.lang.Class.forName0(Ljava/lang/String;ZLjava/lang/ClassLoader;Ljava/lang/Class;)Ljava/lang/Class;+0 java.base@17.0.5
j  java.lang.Class.forName(Ljava/lang/String;)Ljava/lang/Class;+11 java.base@17.0.5
j  sun.util.locale.provider.LocaleProviderAdapter.forType(Lsun/util/locale/provider/LocaleProviderAdapter$Type;)Lsun/util/locale/provider/LocaleProviderAdapter;+65 java.base@17.0.5
j  sun.util.locale.provider.LocaleProviderAdapter.findAdapter(Ljava/lang/Class;Ljava/util/Locale;)Lsun/util/locale/provider/LocaleProviderAdapter;+29 java.base@17.0.5
j  sun.util.locale.provider.LocaleProviderAdapter.getAdapter(Ljava/lang/Class;Ljava/util/Locale;)Lsun/util/locale/provider/LocaleProviderAdapter;+55 java.base@17.0.5
j  java.util.Calendar.createCalendar(Ljava/util/TimeZone;Ljava/util/Locale;)Ljava/util/Calendar;+3 java.base@17.0.5
j  java.util.Calendar.getInstance(Ljava/util/Locale;)Ljava/util/Calendar;+5 java.base@17.0.5
j  java.text.SimpleDateFormat.initializeCalendar(Ljava/util/Locale;)V+27 java.base@17.0.5
j  java.text.SimpleDateFormat.<init>(Ljava/lang/String;Ljava/util/Locale;)V+43 java.base@17.0.5
j  sun.net.www.protocol.file.FileURLConnection.initializeHeaders()V+148 java.base@17.0.5
j  sun.net.www.protocol.file.FileURLConnection.getHeaderField(Ljava/lang/String;)Ljava/lang/String;+1 java.base@17.0.5
j  sun.net.www.URLConnection.getContentType()Ljava/lang/String;+11 java.base@17.0.5
j  sun.awt.image.URLImageSource.getDecoder()Lsun/awt/image/ImageDecoder;+17 java.desktop@17.0.5
j  sun.awt.image.InputStreamImageSource.doFetch()V+30 java.desktop@17.0.5
j  sun.awt.image.ImageFetcher.fetchloop()V+31 java.desktop@17.0.5
j  sun.awt.image.ImageFetcher.run()V+5 java.desktop@17.0.5
v  ~StubRoutines::call_stub

---------------  P R O C E S S  ---------------

Threads class SMR info:
_java_thread_list=0x0000028b7a972020, length=17, elements={
0x0000028b5db212e0, 0x0000028b7a402460, 0x0000028b7997cd60, 0x0000028b7a42a980,
0x0000028b7a42e260, 0x0000028b7a430b30, 0x0000028b7a431a00, 0x0000028b7a43db00,
0x0000028b7a43e400, 0x0000028b7a43ed00, 0x0000028b7a5baa50, 0x0000028b7a5bf340,
0x0000028b7a892ad0, 0x0000028b7a895a60, 0x0000028b7a8989f0, 0x0000028b7a92f430,
0x0000028b7a933e90
}

Java Threads: ( => current thread )
  0x0000028b5db212e0 JavaThread "main" [_thread_blocked, id=26528, stack(0x000000ee15c00000,0x000000ee15d00000)]
  0x0000028b7a402460 JavaThread "Reference Handler" daemon [_thread_blocked, id=26440, stack(0x000000ee16300000,0x000000ee16400000)]
  0x0000028b7997cd60 JavaThread "Finalizer" daemon [_thread_blocked, id=27288, stack(0x000000ee16400000,0x000000ee16500000)]
  0x0000028b7a42a980 JavaThread "Signal Dispatcher" daemon [_thread_blocked, id=27012, stack(0x000000ee16500000,0x000000ee16600000)]
  0x0000028b7a42e260 JavaThread "Attach Listener" daemon [_thread_blocked, id=24544, stack(0x000000ee16600000,0x000000ee16700000)]
  0x0000028b7a430b30 JavaThread "Service Thread" daemon [_thread_blocked, id=27068, stack(0x000000ee16700000,0x000000ee16800000)]
  0x0000028b7a431a00 JavaThread "Monitor Deflation Thread" daemon [_thread_blocked, id=9332, stack(0x000000ee16800000,0x000000ee16900000)]
  0x0000028b7a43db00 JavaThread "C2 CompilerThread0" daemon [_thread_blocked, id=1452, stack(0x000000ee16900000,0x000000ee16a00000)]
  0x0000028b7a43e400 JavaThread "C1 CompilerThread0" daemon [_thread_blocked, id=17032, stack(0x000000ee16a00000,0x000000ee16b00000)]
  0x0000028b7a43ed00 JavaThread "Sweeper thread" daemon [_thread_blocked, id=1692, stack(0x000000ee16b00000,0x000000ee16c00000)]
  0x0000028b7a5baa50 JavaThread "Notification Thread" daemon [_thread_blocked, id=24644, stack(0x000000ee16c00000,0x000000ee16d00000)]
  0x0000028b7a5bf340 JavaThread "Common-Cleaner" daemon [_thread_blocked, id=5592, stack(0x000000ee16e00000,0x000000ee16f00000)]
  0x0000028b7a892ad0 JavaThread "Java2D Disposer" daemon [_thread_blocked, id=20020, stack(0x000000ee16f00000,0x000000ee17000000)]
  0x0000028b7a895a60 JavaThread "AWT-Shutdown" [_thread_blocked, id=24220, stack(0x000000ee17000000,0x000000ee17100000)]
  0x0000028b7a8989f0 JavaThread "AWT-Windows" daemon [_thread_in_native, id=27076, stack(0x000000ee17100000,0x000000ee17200000)]
  0x0000028b7a92f430 JavaThread "AWT-EventQueue-0" [_thread_blocked, id=5680, stack(0x000000ee17200000,0x000000ee17300000)]
=>0x0000028b7a933e90 JavaThread "Image Fetcher 0" daemon [_thread_in_vm, id=27024, stack(0x000000ee17300000,0x000000ee17400000)]

Other Threads:
  0x0000028b79959960 VMThread "VM Thread" [stack: 0x000000ee16200000,0x000000ee16300000] [id=20500]
  0x0000028b5db98500 WatcherThread [stack: 0x000000ee16d00000,0x000000ee16e00000] [id=24228]
  0x0000028b5db7aaf0 GCTaskThread "GC Thread#0" [stack: 0x000000ee15d00000,0x000000ee15e00000] [id=26516]
  0x0000028b5db8b280 ConcurrentGCThread "G1 Main Marker" [stack: 0x000000ee15e00000,0x000000ee15f00000] [id=21492]
  0x0000028b5db8c410 ConcurrentGCThread "G1 Conc#0" [stack: 0x000000ee15f00000,0x000000ee16000000] [id=9776]
  0x0000028b5dbe2830 ConcurrentGCThread "G1 Refine#0" [stack: 0x000000ee16000000,0x000000ee16100000] [id=26048]
  0x0000028b797b2320 ConcurrentGCThread "G1 Service" [stack: 0x000000ee16100000,0x000000ee16200000] [id=26144]

Threads with active compile tasks:

VM state: not at safepoint (normal execution)

VM Mutex/Monitor currently owned by a thread:  ([mutex/lock_event])
[0x0000028b5db1bdd0] Metaspace_lock - owner thread: 0x0000028b7a933e90

Heap address: 0x0000000083600000, size: 1994 MB, Compressed Oops mode: 32-bit

CDS archive(s) not mapped
Compressed class space mapped at: 0x0000000100000000-0x0000000140000000, reserved size: 1073741824
Narrow klass base: 0x0000000000000000, Narrow klass shift: 3, Narrow klass range: 0x140000000

GC Precious Log:
 CPUs: 8 total, 8 available
 Memory: 7973M
 Large Page Support: Disabled
 NUMA Support: Disabled
 Compressed Oops: Enabled (32-bit)
 Heap Region Size: 1M
 Heap Min Capacity: 8M
 Heap Initial Capacity: 126M
 Heap Max Capacity: 1994M
 Pre-touch: Disabled
 Parallel Workers: 8
 Concurrent Workers: 2
 Concurrent Refinement Workers: 8
 Periodic GC: Disabled

Heap:
 garbage-first heap   total 129024K, used 5120K [0x0000000083600000, 0x0000000100000000)
  region size 1024K, 6 young (6144K), 0 survivors (0K)
 Metaspace       used 12924K, committed 12992K, reserved 1064960K
  class space    used 1364K, committed 1408K, reserved 1048576K

Heap Regions: E=young(eden), S=young(survivor), O=old, HS=humongous(starts), HC=humongous(continues), CS=collection set, F=free, OA=open archive, CA=closed archive, TAMS=top-at-mark-start (previous, next)
|   0|0x0000000083600000, 0x0000000083600000, 0x0000000083700000|  0%| F|  |TAMS 0x0000000083600000, 0x0000000083600000| Untracked 
|   1|0x0000000083700000, 0x0000000083700000, 0x0000000083800000|  0%| F|  |TAMS 0x0000000083700000, 0x0000000083700000| Untracked 
|   2|0x0000000083800000, 0x0000000083800000, 0x0000000083900000|  0%| F|  |TAMS 0x0000000083800000, 0x0000000083800000| Untracked 
|   3|0x0000000083900000, 0x0000000083900000, 0x0000000083a00000|  0%| F|  |TAMS 0x0000000083900000, 0x0000000083900000| Untracked 
|   4|0x0000000083a00000, 0x0000000083a00000, 0x0000000083b00000|  0%| F|  |TAMS 0x0000000083a00000, 0x0000000083a00000| Untracked 
|   5|0x0000000083b00000, 0x0000000083b00000, 0x0000000083c00000|  0%| F|  |TAMS 0x0000000083b00000, 0x0000000083b00000| Untracked 
|   6|0x0000000083c00000, 0x0000000083c00000, 0x0000000083d00000|  0%| F|  |TAMS 0x0000000083c00000, 0x0000000083c00000| Untracked 
|   7|0x0000000083d00000, 0x0000000083d00000, 0x0000000083e00000|  0%| F|  |TAMS 0x0000000083d00000, 0x0000000083d00000| Untracked 
|   8|0x0000000083e00000, 0x0000000083e00000, 0x0000000083f00000|  0%| F|  |TAMS 0x0000000083e00000, 0x0000000083e00000| Untracked 
|   9|0x0000000083f00000, 0x0000000083f00000, 0x0000000084000000|  0%| F|  |TAMS 0x0000000083f00000, 0x0000000083f00000| Untracked 
|  10|0x0000000084000000, 0x0000000084000000, 0x0000000084100000|  0%| F|  |TAMS 0x0000000084000000, 0x0000000084000000| Untracked 
|  11|0x0000000084100000, 0x0000000084100000, 0x0000000084200000|  0%| F|  |TAMS 0x0000000084100000, 0x0000000084100000| Untracked 
|  12|0x0000000084200000, 0x0000000084200000, 0x0000000084300000|  0%| F|  |TAMS 0x0000000084200000, 0x0000000084200000| Untracked 
|  13|0x0000000084300000, 0x0000000084300000, 0x0000000084400000|  0%| F|  |TAMS 0x0000000084300000, 0x0000000084300000| Untracked 
|  14|0x0000000084400000, 0x0000000084400000, 0x0000000084500000|  0%| F|  |TAMS 0x0000000084400000, 0x0000000084400000| Untracked 
|  15|0x0000000084500000, 0x0000000084500000, 0x0000000084600000|  0%| F|  |TAMS 0x0000000084500000, 0x0000000084500000| Untracked 
|  16|0x0000000084600000, 0x0000000084600000, 0x0000000084700000|  0%| F|  |TAMS 0x0000000084600000, 0x0000000084600000| Untracked 
|  17|0x0000000084700000, 0x0000000084700000, 0x0000000084800000|  0%| F|  |TAMS 0x0000000084700000, 0x0000000084700000| Untracked 
|  18|0x0000000084800000, 0x0000000084800000, 0x0000000084900000|  0%| F|  |TAMS 0x0000000084800000, 0x0000000084800000| Untracked 
|  19|0x0000000084900000, 0x0000000084900000, 0x0000000084a00000|  0%| F|  |TAMS 0x0000000084900000, 0x0000000084900000| Untracked 
|  20|0x0000000084a00000, 0x0000000084a00000, 0x0000000084b00000|  0%| F|  |TAMS 0x0000000084a00000, 0x0000000084a00000| Untracked 
|  21|0x0000000084b00000, 0x0000000084b00000, 0x0000000084c00000|  0%| F|  |TAMS 0x0000000084b00000, 0x0000000084b00000| Untracked 
|  22|0x0000000084c00000, 0x0000000084c00000, 0x0000000084d00000|  0%| F|  |TAMS 0x0000000084c00000, 0x0000000084c00000| Untracked 
|  23|0x0000000084d00000, 0x0000000084d00000, 0x0000000084e00000|  0%| F|  |TAMS 0x0000000084d00000, 0x0000000084d00000| Untracked 
|  24|0x0000000084e00000, 0x0000000084e00000, 0x0000000084f00000|  0%| F|  |TAMS 0x0000000084e00000, 0x0000000084e00000| Untracked 
|  25|0x0000000084f00000, 0x0000000084f00000, 0x0000000085000000|  0%| F|  |TAMS 0x0000000084f00000, 0x0000000084f00000| Untracked 
|  26|0x0000000085000000, 0x0000000085000000, 0x0000000085100000|  0%| F|  |TAMS 0x0000000085000000, 0x0000000085000000| Untracked 
|  27|0x0000000085100000, 0x0000000085100000, 0x0000000085200000|  0%| F|  |TAMS 0x0000000085100000, 0x0000000085100000| Untracked 
|  28|0x0000000085200000, 0x0000000085200000, 0x0000000085300000|  0%| F|  |TAMS 0x0000000085200000, 0x0000000085200000| Untracked 
|  29|0x0000000085300000, 0x0000000085300000, 0x0000000085400000|  0%| F|  |TAMS 0x0000000085300000, 0x0000000085300000| Untracked 
|  30|0x0000000085400000, 0x0000000085400000, 0x0000000085500000|  0%| F|  |TAMS 0x0000000085400000, 0x0000000085400000| Untracked 
|  31|0x0000000085500000, 0x0000000085500000, 0x0000000085600000|  0%| F|  |TAMS 0x0000000085500000, 0x0000000085500000| Untracked 
|  32|0x0000000085600000, 0x0000000085600000, 0x0000000085700000|  0%| F|  |TAMS 0x0000000085600000, 0x0000000085600000| Untracked 
|  33|0x0000000085700000, 0x0000000085700000, 0x0000000085800000|  0%| F|  |TAMS 0x0000000085700000, 0x0000000085700000| Untracked 
|  34|0x0000000085800000, 0x0000000085800000, 0x0000000085900000|  0%| F|  |TAMS 0x0000000085800000, 0x0000000085800000| Untracked 
|  35|0x0000000085900000, 0x0000000085900000, 0x0000000085a00000|  0%| F|  |TAMS 0x0000000085900000, 0x0000000085900000| Untracked 
|  36|0x0000000085a00000, 0x0000000085a00000, 0x0000000085b00000|  0%| F|  |TAMS 0x0000000085a00000, 0x0000000085a00000| Untracked 
|  37|0x0000000085b00000, 0x0000000085b00000, 0x0000000085c00000|  0%| F|  |TAMS 0x0000000085b00000, 0x0000000085b00000| Untracked 
|  38|0x0000000085c00000, 0x0000000085c00000, 0x0000000085d00000|  0%| F|  |TAMS 0x0000000085c00000, 0x0000000085c00000| Untracked 
|  39|0x0000000085d00000, 0x0000000085d00000, 0x0000000085e00000|  0%| F|  |TAMS 0x0000000085d00000, 0x0000000085d00000| Untracked 
|  40|0x0000000085e00000, 0x0000000085e00000, 0x0000000085f00000|  0%| F|  |TAMS 0x0000000085e00000, 0x0000000085e00000| Untracked 
|  41|0x0000000085f00000, 0x0000000085f00000, 0x0000000086000000|  0%| F|  |TAMS 0x0000000085f00000, 0x0000000085f00000| Untracked 
|  42|0x0000000086000000, 0x0000000086000000, 0x0000000086100000|  0%| F|  |TAMS 0x0000000086000000, 0x0000000086000000| Untracked 
|  43|0x0000000086100000, 0x0000000086100000, 0x0000000086200000|  0%| F|  |TAMS 0x0000000086100000, 0x0000000086100000| Untracked 
|  44|0x0000000086200000, 0x0000000086200000, 0x0000000086300000|  0%| F|  |TAMS 0x0000000086200000, 0x0000000086200000| Untracked 
|  45|0x0000000086300000, 0x0000000086300000, 0x0000000086400000|  0%| F|  |TAMS 0x0000000086300000, 0x0000000086300000| Untracked 
|  46|0x0000000086400000, 0x0000000086400000, 0x0000000086500000|  0%| F|  |TAMS 0x0000000086400000, 0x0000000086400000| Untracked 
|  47|0x0000000086500000, 0x0000000086500000, 0x0000000086600000|  0%| F|  |TAMS 0x0000000086500000, 0x0000000086500000| Untracked 
|  48|0x0000000086600000, 0x0000000086600000, 0x0000000086700000|  0%| F|  |TAMS 0x0000000086600000, 0x0000000086600000| Untracked 
|  49|0x0000000086700000, 0x0000000086700000, 0x0000000086800000|  0%| F|  |TAMS 0x0000000086700000, 0x0000000086700000| Untracked 
|  50|0x0000000086800000, 0x0000000086800000, 0x0000000086900000|  0%| F|  |TAMS 0x0000000086800000, 0x0000000086800000| Untracked 
|  51|0x0000000086900000, 0x0000000086900000, 0x0000000086a00000|  0%| F|  |TAMS 0x0000000086900000, 0x0000000086900000| Untracked 
|  52|0x0000000086a00000, 0x0000000086a00000, 0x0000000086b00000|  0%| F|  |TAMS 0x0000000086a00000, 0x0000000086a00000| Untracked 
|  53|0x0000000086b00000, 0x0000000086b00000, 0x0000000086c00000|  0%| F|  |TAMS 0x0000000086b00000, 0x0000000086b00000| Untracked 
|  54|0x0000000086c00000, 0x0000000086c00000, 0x0000000086d00000|  0%| F|  |TAMS 0x0000000086c00000, 0x0000000086c00000| Untracked 
|  55|0x0000000086d00000, 0x0000000086d00000, 0x0000000086e00000|  0%| F|  |TAMS 0x0000000086d00000, 0x0000000086d00000| Untracked 
|  56|0x0000000086e00000, 0x0000000086e00000, 0x0000000086f00000|  0%| F|  |TAMS 0x0000000086e00000, 0x0000000086e00000| Untracked 
|  57|0x0000000086f00000, 0x0000000086f00000, 0x0000000087000000|  0%| F|  |TAMS 0x0000000086f00000, 0x0000000086f00000| Untracked 
|  58|0x0000000087000000, 0x0000000087000000, 0x0000000087100000|  0%| F|  |TAMS 0x0000000087000000, 0x0000000087000000| Untracked 
|  59|0x0000000087100000, 0x0000000087100000, 0x0000000087200000|  0%| F|  |TAMS 0x0000000087100000, 0x0000000087100000| Untracked 
|  60|0x0000000087200000, 0x0000000087200000, 0x0000000087300000|  0%| F|  |TAMS 0x0000000087200000, 0x0000000087200000| Untracked 
|  61|0x0000000087300000, 0x0000000087300000, 0x0000000087400000|  0%| F|  |TAMS 0x0000000087300000, 0x0000000087300000| Untracked 
|  62|0x0000000087400000, 0x0000000087400000, 0x0000000087500000|  0%| F|  |TAMS 0x0000000087400000, 0x0000000087400000| Untracked 
|  63|0x0000000087500000, 0x0000000087500000, 0x0000000087600000|  0%| F|  |TAMS 0x0000000087500000, 0x0000000087500000| Untracked 
|  64|0x0000000087600000, 0x0000000087600000, 0x0000000087700000|  0%| F|  |TAMS 0x0000000087600000, 0x0000000087600000| Untracked 
|  65|0x0000000087700000, 0x0000000087700000, 0x0000000087800000|  0%| F|  |TAMS 0x0000000087700000, 0x0000000087700000| Untracked 
|  66|0x0000000087800000, 0x0000000087800000, 0x0000000087900000|  0%| F|  |TAMS 0x0000000087800000, 0x0000000087800000| Untracked 
|  67|0x0000000087900000, 0x0000000087900000, 0x0000000087a00000|  0%| F|  |TAMS 0x0000000087900000, 0x0000000087900000| Untracked 
|  68|0x0000000087a00000, 0x0000000087a00000, 0x0000000087b00000|  0%| F|  |TAMS 0x0000000087a00000, 0x0000000087a00000| Untracked 
|  69|0x0000000087b00000, 0x0000000087b00000, 0x0000000087c00000|  0%| F|  |TAMS 0x0000000087b00000, 0x0000000087b00000| Untracked 
|  70|0x0000000087c00000, 0x0000000087c00000, 0x0000000087d00000|  0%| F|  |TAMS 0x0000000087c00000, 0x0000000087c00000| Untracked 
|  71|0x0000000087d00000, 0x0000000087d00000, 0x0000000087e00000|  0%| F|  |TAMS 0x0000000087d00000, 0x0000000087d00000| Untracked 
|  72|0x0000000087e00000, 0x0000000087e00000, 0x0000000087f00000|  0%| F|  |TAMS 0x0000000087e00000, 0x0000000087e00000| Untracked 
|  73|0x0000000087f00000, 0x0000000087f00000, 0x0000000088000000|  0%| F|  |TAMS 0x0000000087f00000, 0x0000000087f00000| Untracked 
|  74|0x0000000088000000, 0x0000000088000000, 0x0000000088100000|  0%| F|  |TAMS 0x0000000088000000, 0x0000000088000000| Untracked 
|  75|0x0000000088100000, 0x0000000088100000, 0x0000000088200000|  0%| F|  |TAMS 0x0000000088100000, 0x0000000088100000| Untracked 
|  76|0x0000000088200000, 0x0000000088200000, 0x0000000088300000|  0%| F|  |TAMS 0x0000000088200000, 0x0000000088200000| Untracked 
|  77|0x0000000088300000, 0x0000000088300000, 0x0000000088400000|  0%| F|  |TAMS 0x0000000088300000, 0x0000000088300000| Untracked 
|  78|0x0000000088400000, 0x0000000088400000, 0x0000000088500000|  0%| F|  |TAMS 0x0000000088400000, 0x0000000088400000| Untracked 
|  79|0x0000000088500000, 0x0000000088500000, 0x0000000088600000|  0%| F|  |TAMS 0x0000000088500000, 0x0000000088500000| Untracked 
|  80|0x0000000088600000, 0x0000000088600000, 0x0000000088700000|  0%| F|  |TAMS 0x0000000088600000, 0x0000000088600000| Untracked 
|  81|0x0000000088700000, 0x0000000088700000, 0x0000000088800000|  0%| F|  |TAMS 0x0000000088700000, 0x0000000088700000| Untracked 
|  82|0x0000000088800000, 0x0000000088800000, 0x0000000088900000|  0%| F|  |TAMS 0x0000000088800000, 0x0000000088800000| Untracked 
|  83|0x0000000088900000, 0x0000000088900000, 0x0000000088a00000|  0%| F|  |TAMS 0x0000000088900000, 0x0000000088900000| Untracked 
|  84|0x0000000088a00000, 0x0000000088a00000, 0x0000000088b00000|  0%| F|  |TAMS 0x0000000088a00000, 0x0000000088a00000| Untracked 
|  85|0x0000000088b00000, 0x0000000088b00000, 0x0000000088c00000|  0%| F|  |TAMS 0x0000000088b00000, 0x0000000088b00000| Untracked 
|  86|0x0000000088c00000, 0x0000000088c00000, 0x0000000088d00000|  0%| F|  |TAMS 0x0000000088c00000, 0x0000000088c00000| Untracked 
|  87|0x0000000088d00000, 0x0000000088d00000, 0x0000000088e00000|  0%| F|  |TAMS 0x0000000088d00000, 0x0000000088d00000| Untracked 
|  88|0x0000000088e00000, 0x0000000088e00000, 0x0000000088f00000|  0%| F|  |TAMS 0x0000000088e00000, 0x0000000088e00000| Untracked 
|  89|0x0000000088f00000, 0x0000000088f00000, 0x0000000089000000|  0%| F|  |TAMS 0x0000000088f00000, 0x0000000088f00000| Untracked 
|  90|0x0000000089000000, 0x0000000089000000, 0x0000000089100000|  0%| F|  |TAMS 0x0000000089000000, 0x0000000089000000| Untracked 
|  91|0x0000000089100000, 0x0000000089100000, 0x0000000089200000|  0%| F|  |TAMS 0x0000000089100000, 0x0000000089100000| Untracked 
|  92|0x0000000089200000, 0x0000000089200000, 0x0000000089300000|  0%| F|  |TAMS 0x0000000089200000, 0x0000000089200000| Untracked 
|  93|0x0000000089300000, 0x0000000089300000, 0x0000000089400000|  0%| F|  |TAMS 0x0000000089300000, 0x0000000089300000| Untracked 
|  94|0x0000000089400000, 0x0000000089400000, 0x0000000089500000|  0%| F|  |TAMS 0x0000000089400000, 0x0000000089400000| Untracked 
|  95|0x0000000089500000, 0x0000000089500000, 0x0000000089600000|  0%| F|  |TAMS 0x0000000089500000, 0x0000000089500000| Untracked 
|  96|0x0000000089600000, 0x0000000089600000, 0x0000000089700000|  0%| F|  |TAMS 0x0000000089600000, 0x0000000089600000| Untracked 
|  97|0x0000000089700000, 0x0000000089700000, 0x0000000089800000|  0%| F|  |TAMS 0x0000000089700000, 0x0000000089700000| Untracked 
|  98|0x0000000089800000, 0x0000000089800000, 0x0000000089900000|  0%| F|  |TAMS 0x0000000089800000, 0x0000000089800000| Untracked 
|  99|0x0000000089900000, 0x0000000089900000, 0x0000000089a00000|  0%| F|  |TAMS 0x0000000089900000, 0x0000000089900000| Untracked 
| 100|0x0000000089a00000, 0x0000000089a00000, 0x0000000089b00000|  0%| F|  |TAMS 0x0000000089a00000, 0x0000000089a00000| Untracked 
| 101|0x0000000089b00000, 0x0000000089b00000, 0x0000000089c00000|  0%| F|  |TAMS 0x0000000089b00000, 0x0000000089b00000| Untracked 
| 102|0x0000000089c00000, 0x0000000089c00000, 0x0000000089d00000|  0%| F|  |TAMS 0x0000000089c00000, 0x0000000089c00000| Untracked 
| 103|0x0000000089d00000, 0x0000000089d00000, 0x0000000089e00000|  0%| F|  |TAMS 0x0000000089d00000, 0x0000000089d00000| Untracked 
| 104|0x0000000089e00000, 0x0000000089e00000, 0x0000000089f00000|  0%| F|  |TAMS 0x0000000089e00000, 0x0000000089e00000| Untracked 
| 105|0x0000000089f00000, 0x0000000089f00000, 0x000000008a000000|  0%| F|  |TAMS 0x0000000089f00000, 0x0000000089f00000| Untracked 
| 106|0x000000008a000000, 0x000000008a000000, 0x000000008a100000|  0%| F|  |TAMS 0x000000008a000000, 0x000000008a000000| Untracked 
| 107|0x000000008a100000, 0x000000008a100000, 0x000000008a200000|  0%| F|  |TAMS 0x000000008a100000, 0x000000008a100000| Untracked 
| 108|0x000000008a200000, 0x000000008a200000, 0x000000008a300000|  0%| F|  |TAMS 0x000000008a200000, 0x000000008a200000| Untracked 
| 109|0x000000008a300000, 0x000000008a300000, 0x000000008a400000|  0%| F|  |TAMS 0x000000008a300000, 0x000000008a300000| Untracked 
| 110|0x000000008a400000, 0x000000008a400000, 0x000000008a500000|  0%| F|  |TAMS 0x000000008a400000, 0x000000008a400000| Untracked 
| 111|0x000000008a500000, 0x000000008a500000, 0x000000008a600000|  0%| F|  |TAMS 0x000000008a500000, 0x000000008a500000| Untracked 
| 112|0x000000008a600000, 0x000000008a600000, 0x000000008a700000|  0%| F|  |TAMS 0x000000008a600000, 0x000000008a600000| Untracked 
| 113|0x000000008a700000, 0x000000008a700000, 0x000000008a800000|  0%| F|  |TAMS 0x000000008a700000, 0x000000008a700000| Untracked 
| 114|0x000000008a800000, 0x000000008a800000, 0x000000008a900000|  0%| F|  |TAMS 0x000000008a800000, 0x000000008a800000| Untracked 
| 115|0x000000008a900000, 0x000000008a900000, 0x000000008aa00000|  0%| F|  |TAMS 0x000000008a900000, 0x000000008a900000| Untracked 
| 116|0x000000008aa00000, 0x000000008aa00000, 0x000000008ab00000|  0%| F|  |TAMS 0x000000008aa00000, 0x000000008aa00000| Untracked 
| 117|0x000000008ab00000, 0x000000008ab00000, 0x000000008ac00000|  0%| F|  |TAMS 0x000000008ab00000, 0x000000008ab00000| Untracked 
| 118|0x000000008ac00000, 0x000000008ac00000, 0x000000008ad00000|  0%| F|  |TAMS 0x000000008ac00000, 0x000000008ac00000| Untracked 
| 119|0x000000008ad00000, 0x000000008ad00000, 0x000000008ae00000|  0%| F|  |TAMS 0x000000008ad00000, 0x000000008ad00000| Untracked 
| 120|0x000000008ae00000, 0x000000008ae77c50, 0x000000008af00000| 46%| E|  |TAMS 0x000000008ae00000, 0x000000008ae00000| Complete 
| 121|0x000000008af00000, 0x000000008b000000, 0x000000008b000000|100%| E|CS|TAMS 0x000000008af00000, 0x000000008af00000| Complete 
| 122|0x000000008b000000, 0x000000008b100000, 0x000000008b100000|100%| E|CS|TAMS 0x000000008b000000, 0x000000008b000000| Complete 
| 123|0x000000008b100000, 0x000000008b200000, 0x000000008b200000|100%| E|CS|TAMS 0x000000008b100000, 0x000000008b100000| Complete 
| 124|0x000000008b200000, 0x000000008b300000, 0x000000008b300000|100%| E|CS|TAMS 0x000000008b200000, 0x000000008b200000| Complete 
| 125|0x000000008b300000, 0x000000008b400000, 0x000000008b400000|100%| E|CS|TAMS 0x000000008b300000, 0x000000008b300000| Complete 

Card table byte_map: [0x0000028b72820000,0x0000028b72c10000] _byte_map_base: 0x0000028b72405000

Marking Bits (Prev, Next): (CMBitMap*) 0x0000028b5db7b010, (CMBitMap*) 0x0000028b5db7b050
 Prev Bits: [0x0000028b73000000, 0x0000028b74f28000)
 Next Bits: [0x0000028b74f30000, 0x0000028b76e58000)

Polling page: 0x0000028b5dbf0000

Metaspace:

Usage:
  Non-class:     11.29 MB used.
      Class:      1.33 MB used.
       Both:     12.62 MB used.

Virtual space:
  Non-class space:       16.00 MB reserved,      11.31 MB ( 71%) committed,  2 nodes.
      Class space:        1.00 GB reserved,       1.38 MB ( <1%) committed,  1 nodes.
             Both:        1.02 GB reserved,      12.69 MB (  1%) committed. 

Chunk freelists:
   Non-Class:  0 bytes
       Class:  2.50 MB
        Both:  2.50 MB

MaxMetaspaceSize: unlimited
CompressedClassSpaceSize: 1.00 GB
Initial GC threshold: 21.00 MB
Current GC threshold: 21.00 MB
CDS: off
MetaspaceReclaimPolicy: balanced
 - commit_granule_bytes: 65536.
 - commit_granule_words: 8192.
 - virtual_space_node_default_size: 1048576.
 - enlarge_chunks_in_place: 1.
 - new_chunks_are_fully_committed: 0.
 - uncommit_free_chunks: 1.
 - use_allocation_guard: 0.
 - handle_deallocations: 1.


Internal statistics:

num_allocs_failed_limit: 0.
num_arena_births: 88.
num_arena_deaths: 0.
num_vsnodes_births: 3.
num_vsnodes_deaths: 0.
num_space_committed: 203.
num_space_uncommitted: 0.
num_chunks_returned_to_freelist: 0.
num_chunks_taken_from_freelist: 126.
num_chunk_merges: 0.
num_chunk_splits: 71.
num_chunks_enlarged: 45.
num_purges: 0.
num_inconsistent_stats: 0.

CodeHeap 'non-profiled nmethods': size=120000Kb used=138Kb max_used=138Kb free=119861Kb
 bounds [0x0000028b6a480000, 0x0000028b6a6f0000, 0x0000028b719b0000]
CodeHeap 'profiled nmethods': size=120000Kb used=762Kb max_used=762Kb free=119237Kb
 bounds [0x0000028b62f50000, 0x0000028b631c0000, 0x0000028b6a480000]
CodeHeap 'non-nmethods': size=5760Kb used=1207Kb max_used=1222Kb free=4552Kb
 bounds [0x0000028b629b0000, 0x0000028b62c20000, 0x0000028b62f50000]
 total_blobs=1021 nmethods=520 adapters=414
 compilation: enabled
              stopped_count=0, restarted_count=0
 full_count=0

Compilation events (20 events):
Event: 0.513 Thread 0x0000028b7a43e400  516       3       java.io.DataInputStream::readFully (59 bytes)
Event: 0.514 Thread 0x0000028b7a43e400 nmethod 516 0x0000028b63008910 code [0x0000028b63008b00, 0x0000028b63009028]
Event: 0.514 Thread 0x0000028b7a43e400  519       3       java.util.HashMap::putVal (300 bytes)
Event: 0.515 Thread 0x0000028b7a43e400 nmethod 519 0x0000028b63009290 code [0x0000028b63009540, 0x0000028b6300a718]
Event: 0.515 Thread 0x0000028b7a43e400  511  s    3       java.io.BufferedInputStream::read (113 bytes)
Event: 0.515 Thread 0x0000028b7a43e400 nmethod 511 0x0000028b6300ac10 code [0x0000028b6300ae40, 0x0000028b6300b6b8]
Event: 0.515 Thread 0x0000028b7a43e400  513       3       java.io.BufferedInputStream::read1 (108 bytes)
Event: 0.517 Thread 0x0000028b7a43e400 nmethod 513 0x0000028b6300b910 code [0x0000028b6300bb60, 0x0000028b6300c458]
Event: 0.518 Thread 0x0000028b7a43e400  514       3       java.io.DataInputStream::readUTF (5 bytes)
Event: 0.519 Thread 0x0000028b7a43e400 nmethod 514 0x0000028b6300c710 code [0x0000028b6300c8a0, 0x0000028b6300c9c8]
Event: 0.519 Thread 0x0000028b7a43e400  515       3       java.io.DataInputStream::readUnsignedShort (39 bytes)
Event: 0.520 Thread 0x0000028b7a43e400 nmethod 515 0x0000028b6300ca90 code [0x0000028b6300cc60, 0x0000028b6300cfc8]
Event: 0.521 Thread 0x0000028b7a43e400  509       3       java.util.Objects::checkFromIndexSize (8 bytes)
Event: 0.522 Thread 0x0000028b7a43e400 nmethod 509 0x0000028b6300d110 code [0x0000028b6300d2c0, 0x0000028b6300d4e8]
Event: 0.523 Thread 0x0000028b7a43e400  510       3       jdk.internal.util.Preconditions::checkFromIndexSize (25 bytes)
Event: 0.525 Thread 0x0000028b7a43e400 nmethod 510 0x0000028b6300d610 code [0x0000028b6300d7c0, 0x0000028b6300d988]
Event: 0.525 Thread 0x0000028b7a43e400  507  s    3       java.io.BufferedInputStream::read (49 bytes)
Event: 0.527 Thread 0x0000028b7a43e400 nmethod 507 0x0000028b6300da90 code [0x0000028b6300dc60, 0x0000028b6300e0d8]
Event: 0.528 Thread 0x0000028b7a43e400  517       3       java.io.DataInputStream::readShort (40 bytes)
Event: 0.530 Thread 0x0000028b7a43e400 nmethod 517 0x0000028b6300e290 code [0x0000028b6300e460, 0x0000028b6300e7c8]

GC Heap History (0 events):
No events

Dll operation events (4 events):
Event: 0.011 Loaded shared library C:\Users\Hp\Downloads\eclipse\plugins\org.eclipse.justj.openjdk.hotspot.jre.full.win32.x86_64_17.0.5.v20221102-0933\jre\bin\java.dll
Event: 0.180 Loaded shared library C:\Users\Hp\Downloads\eclipse\plugins\org.eclipse.justj.openjdk.hotspot.jre.full.win32.x86_64_17.0.5.v20221102-0933\jre\bin\jimage.dll
Event: 0.219 Loaded shared library C:\Users\Hp\Downloads\eclipse\plugins\org.eclipse.justj.openjdk.hotspot.jre.full.win32.x86_64_17.0.5.v20221102-0933\jre\bin\awt.dll
Event: 0.501 Loaded shared library C:\Users\Hp\Downloads\eclipse\plugins\org.eclipse.justj.openjdk.hotspot.jre.full.win32.x86_64_17.0.5.v20221102-0933\jre\bin\zip.dll

Deoptimization events (0 events):
No events

Classes unloaded (0 events):
No events

Classes redefined (0 events):
No events

Internal exceptions (10 events):
Event: 0.207 Thread 0x0000028b5db212e0 Exception <a 'java/lang/ClassNotFoundException'{0x000000008b244f50}: sun/awt/resources/spi/awtProvider> (0x000000008b244f50) 
thrown [s\src\hotspot\share\classfile\systemDictionary.cpp, line 256]
Event: 0.238 Thread 0x0000028b5db212e0 Exception <a 'java/io/FileNotFoundException'{0x000000008b29f938}> (0x000000008b29f938) 
thrown [s\src\hotspot\share\prims\jni.cpp, line 516]
Event: 0.245 Thread 0x0000028b5db212e0 Exception <a 'java/io/FileNotFoundException'{0x000000008b2cc8b8}> (0x000000008b2cc8b8) 
thrown [s\src\hotspot\share\prims\jni.cpp, line 516]
Event: 0.297 Thread 0x0000028b5db212e0 Exception <a 'java/lang/NoSuchMethodError'{0x000000008b11e370}: 'java.lang.Object java.lang.invoke.DirectMethodHandle$Holder.invokeStaticInit(java.lang.Object)'> (0x000000008b11e370) 
thrown [s\src\hotspot\share\interpreter\linkResolver.cpp, line 759]
Event: 0.342 Thread 0x0000028b5db212e0 Exception <a 'java/lang/NoSuchMethodError'{0x000000008b168130}: 'void java.lang.invoke.DirectMethodHandle$Holder.invokeSpecial(java.lang.Object, java.lang.Object, java.lang.Object)'> (0x000000008b168130) 
thrown [s\src\hotspot\share\interpreter\linkResolver.cpp, line 759]
Event: 0.352 Thread 0x0000028b5db212e0 Exception <a 'java/lang/NoSuchMethodError'{0x000000008b0085d0}: 'java.lang.Object java.lang.invoke.DirectMethodHandle$Holder.newInvokeSpecial(java.lang.Object, java.lang.Object, java.lang.Object, java.lang.Object, java.lang.Object)'> (0x000000008b0085d0) 
thrown [s\src\hotspot\share\interpreter\linkResolver.cpp, line 759]
Event: 0.354 Thread 0x0000028b5db212e0 Exception <a 'java/lang/NoSuchMethodError'{0x000000008b013f98}: 'java.lang.Object java.lang.invoke.DirectMethodHandle$Holder.invokeStatic(java.lang.Object, int, java.lang.Object, java.lang.Object, java.lang.Object, java.lang.Object)'> (0x000000008b013f98) 
thrown [s\src\hotspot\share\interpreter\linkResolver.cpp, line 759]
Event: 0.358 Thread 0x0000028b5db212e0 Exception <a 'java/lang/NoSuchMethodError'{0x000000008b039758}: 'java.lang.Object java.lang.invoke.DirectMethodHandle$Holder.invokeStatic(java.lang.Object, int, java.lang.Object)'> (0x000000008b039758) 
thrown [s\src\hotspot\share\interpreter\linkResolver.cpp, line 759]
Event: 0.390 Thread 0x0000028b5db212e0 Exception <a 'java/lang/ClassNotFoundException'{0x000000008b0f18c0}: com/sun/swing/internal/plaf/metal/resources/spi/metalProvider> (0x000000008b0f18c0) 
thrown [s\src\hotspot\share\classfile\systemDictionary.cpp, line 256]
Event: 0.391 Thread 0x0000028b5db212e0 Exception <a 'java/lang/ClassNotFoundException'{0x000000008b0f5748}: com/sun/swing/internal/plaf/basic/resources/spi/basicProvider> (0x000000008b0f5748) 
thrown [s\src\hotspot\share\classfile\systemDictionary.cpp, line 256]

VM Operations (6 events):
Event: 0.389 Executing VM operation: HandshakeAllThreads
Event: 0.389 Executing VM operation: HandshakeAllThreads done
Event: 0.430 Executing VM operation: HandshakeAllThreads
Event: 0.430 Executing VM operation: HandshakeAllThreads done
Event: 0.479 Executing VM operation: HandshakeAllThreads
Event: 0.479 Executing VM operation: HandshakeAllThreads done

Events (20 events):
Event: 0.518 loading class java/util/Collections$UnmodifiableCollection$1
Event: 0.519 loading class java/util/Collections$UnmodifiableCollection$1 done
Event: 0.519 loading class sun/util/locale/provider/LocaleProviderAdapter$1
Event: 0.519 loading class sun/util/locale/provider/LocaleProviderAdapter$1 done
Event: 0.520 loading class sun/util/cldr/CLDRLocaleProviderAdapter
Event: 0.520 loading class sun/util/locale/provider/JRELocaleProviderAdapter
Event: 0.521 loading class sun/util/locale/provider/ResourceBundleBasedAdapter
Event: 0.521 loading class sun/util/locale/provider/ResourceBundleBasedAdapter done
Event: 0.531 loading class sun/util/locale/provider/JRELocaleProviderAdapter done
Event: 0.531 loading class sun/util/cldr/CLDRLocaleProviderAdapter done
Event: 0.531 loading class sun/util/cldr/CLDRBaseLocaleDataMetaInfo
Event: 0.531 loading class sun/util/locale/provider/LocaleDataMetaInfo
Event: 0.531 loading class sun/util/locale/provider/LocaleDataMetaInfo done
Event: 0.531 loading class sun/util/cldr/CLDRBaseLocaleDataMetaInfo done
Event: 0.531 loading class sun/util/locale/LanguageTag
Event: 0.532 loading class sun/util/locale/LanguageTag done
Event: 0.532 loading class sun/util/locale/ParseStatus
Event: 0.532 loading class sun/util/locale/ParseStatus done
Event: 0.532 loading class sun/util/locale/StringTokenIterator
Event: 0.532 loading class sun/util/locale/StringTokenIterator done


Dynamic libraries:
0x00007ff6587b0000 - 0x00007ff6587be000 	C:\Users\Hp\Downloads\eclipse\plugins\org.eclipse.justj.openjdk.hotspot.jre.full.win32.x86_64_17.0.5.v20221102-0933\jre\bin\javaw.exe
0x00007ff9f8470000 - 0x00007ff9f8668000 	C:\WINDOWS\SYSTEM32\ntdll.dll
0x00007ff9b5c40000 - 0x00007ff9b5c59000 	C:\Program Files\AVG\Antivirus\aswhook.dll
0x00007ff9f68a0000 - 0x00007ff9f695f000 	C:\WINDOWS\System32\KERNEL32.DLL
0x00007ff9f5c90000 - 0x00007ff9f5f6a000 	C:\WINDOWS\System32\KERNELBASE.dll
0x00007ff9f6080000 - 0x00007ff9f6180000 	C:\WINDOWS\System32\ucrtbase.dll
0x00007ff9da540000 - 0x00007ff9da557000 	C:\Users\Hp\Downloads\eclipse\plugins\org.eclipse.justj.openjdk.hotspot.jre.full.win32.x86_64_17.0.5.v20221102-0933\jre\bin\jli.dll
0x00007ff9da4c0000 - 0x00007ff9da4d9000 	C:\Users\Hp\Downloads\eclipse\plugins\org.eclipse.justj.openjdk.hotspot.jre.full.win32.x86_64_17.0.5.v20221102-0933\jre\bin\VCRUNTIME140.dll
0x00007ff9f7a00000 - 0x00007ff9f7b9d000 	C:\WINDOWS\System32\USER32.dll
0x00007ff9f64a0000 - 0x00007ff9f64c2000 	C:\WINDOWS\System32\win32u.dll
0x00007ff9d7ca0000 - 0x00007ff9d7f3a000 	C:\WINDOWS\WinSxS\amd64_microsoft.windows.common-controls_6595b64144ccf1df_6.0.19041.1110_none_60b5254171f9507e\COMCTL32.dll
0x00007ff9f8350000 - 0x00007ff9f837b000 	C:\WINDOWS\System32\GDI32.dll
0x00007ff9f6f10000 - 0x00007ff9f6fae000 	C:\WINDOWS\System32\msvcrt.dll
0x00007ff9f5b80000 - 0x00007ff9f5c90000 	C:\WINDOWS\System32\gdi32full.dll
0x00007ff9f5f70000 - 0x00007ff9f600d000 	C:\WINDOWS\System32\msvcp_win.dll
0x00007ff9f7150000 - 0x00007ff9f7180000 	C:\WINDOWS\System32\IMM32.DLL
0x00007ff9f2ff0000 - 0x00007ff9f2ffc000 	C:\Users\Hp\Downloads\eclipse\plugins\org.eclipse.justj.openjdk.hotspot.jre.full.win32.x86_64_17.0.5.v20221102-0933\jre\bin\vcruntime140_1.dll
0x00007ff9b1540000 - 0x00007ff9b15d1000 	C:\Users\Hp\Downloads\eclipse\plugins\org.eclipse.justj.openjdk.hotspot.jre.full.win32.x86_64_17.0.5.v20221102-0933\jre\bin\msvcp140.dll
0x00007ff99b5b0000 - 0x00007ff99c1f4000 	C:\Users\Hp\Downloads\eclipse\plugins\org.eclipse.justj.openjdk.hotspot.jre.full.win32.x86_64_17.0.5.v20221102-0933\jre\bin\server\jvm.dll
0x00007ff9f8380000 - 0x00007ff9f842e000 	C:\WINDOWS\System32\ADVAPI32.dll
0x00007ff9f76f0000 - 0x00007ff9f778c000 	C:\WINDOWS\System32\sechost.dll
0x00007ff9f78d0000 - 0x00007ff9f79f6000 	C:\WINDOWS\System32\RPCRT4.dll
0x00007ff9d3f20000 - 0x00007ff9d3f29000 	C:\WINDOWS\SYSTEM32\WSOCK32.dll
0x00007ff9f7250000 - 0x00007ff9f72bb000 	C:\WINDOWS\System32\WS2_32.dll
0x00007ff9d1b30000 - 0x00007ff9d1b57000 	C:\WINDOWS\SYSTEM32\WINMM.dll
0x00007ff9eb3c0000 - 0x00007ff9eb3ca000 	C:\WINDOWS\SYSTEM32\VERSION.dll
0x00007ff9f4390000 - 0x00007ff9f43a2000 	C:\WINDOWS\SYSTEM32\kernel.appcore.dll
0x00007ff9db990000 - 0x00007ff9db99a000 	C:\Users\Hp\Downloads\eclipse\plugins\org.eclipse.justj.openjdk.hotspot.jre.full.win32.x86_64_17.0.5.v20221102-0933\jre\bin\jimage.dll
0x00007ff9ed450000 - 0x00007ff9ed634000 	C:\WINDOWS\SYSTEM32\DBGHELP.DLL
0x00007ff9d9020000 - 0x00007ff9d9054000 	C:\WINDOWS\SYSTEM32\dbgcore.DLL
0x00007ff9f6280000 - 0x00007ff9f6302000 	C:\WINDOWS\System32\bcryptPrimitives.dll
0x00007ff9d69f0000 - 0x00007ff9d6a15000 	C:\Users\Hp\Downloads\eclipse\plugins\org.eclipse.justj.openjdk.hotspot.jre.full.win32.x86_64_17.0.5.v20221102-0933\jre\bin\java.dll
0x00007ff9d99e0000 - 0x00007ff9d99f8000 	C:\Users\Hp\Downloads\eclipse\plugins\org.eclipse.justj.openjdk.hotspot.jre.full.win32.x86_64_17.0.5.v20221102-0933\jre\bin\zip.dll
0x00007ff9f7ba0000 - 0x00007ff9f82e4000 	C:\WINDOWS\System32\SHELL32.dll
0x00007ff9f3bb0000 - 0x00007ff9f4343000 	C:\WINDOWS\SYSTEM32\windows.storage.dll
0x00007ff9f7370000 - 0x00007ff9f76c4000 	C:\WINDOWS\System32\combase.dll
0x00007ff9f5500000 - 0x00007ff9f552e000 	C:\WINDOWS\SYSTEM32\Wldp.dll
0x00007ff9f7820000 - 0x00007ff9f78cd000 	C:\WINDOWS\System32\SHCORE.dll
0x00007ff9f6690000 - 0x00007ff9f66e5000 	C:\WINDOWS\System32\shlwapi.dll
0x00007ff9f5ac0000 - 0x00007ff9f5adf000 	C:\WINDOWS\SYSTEM32\profapi.dll
0x00007ff9add50000 - 0x00007ff9adede000 	C:\Users\Hp\Downloads\eclipse\plugins\org.eclipse.justj.openjdk.hotspot.jre.full.win32.x86_64_17.0.5.v20221102-0933\jre\bin\awt.dll
0x00007ff9f7180000 - 0x00007ff9f724d000 	C:\WINDOWS\System32\OLEAUT32.dll
0x00007ff9f3050000 - 0x00007ff9f30e0000 	C:\WINDOWS\SYSTEM32\apphelp.dll
0x00007ff9f34b0000 - 0x00007ff9f34df000 	C:\WINDOWS\system32\DWMAPI.DLL
0x00007ff9f31f0000 - 0x00007ff9f328e000 	C:\WINDOWS\system32\uxtheme.dll
0x00007ff9d7110000 - 0x00007ff9d7235000 	C:\WINDOWS\system32\opengl32.dll
0x00007ff9ed020000 - 0x00007ff9ed04c000 	C:\WINDOWS\SYSTEM32\GLU32.dll
0x00007ff9f6960000 - 0x00007ff9f6a74000 	C:\WINDOWS\System32\MSCTF.dll
0x00007ff9f7010000 - 0x00007ff9f713a000 	C:\WINDOWS\System32\ole32.dll

dbghelp: loaded successfully - version: 4.0.5 - missing functions: none
symbol engine: initialized successfully - sym options: 0x614 - pdb path: .;C:\Users\Hp\Downloads\eclipse\plugins\org.eclipse.justj.openjdk.hotspot.jre.full.win32.x86_64_17.0.5.v20221102-0933\jre\bin;C:\WINDOWS\SYSTEM32;C:\Program Files\AVG\Antivirus;C:\WINDOWS\WinSxS\amd64_microsoft.windows.common-controls_6595b64144ccf1df_6.0.19041.1110_none_60b5254171f9507e;C:\Users\Hp\Downloads\eclipse\plugins\org.eclipse.justj.openjdk.hotspot.jre.full.win32.x86_64_17.0.5.v20221102-0933\jre\bin\server

VM Arguments:
jvm_args: -Dfile.encoding=UTF-8 -XX:+ShowCodeDetailsInExceptionMessages 
java_command: travel.management.system.Signup
java_class_path (initial): C:\Users\Hp\Desktop\Travel Management System\build\classes
Launcher Type: SUN_STANDARD

[Global flags]
     intx CICompilerCount                          = 4                                         {product} {ergonomic}
     uint ConcGCThreads                            = 2                                         {product} {ergonomic}
     uint G1ConcRefinementThreads                  = 8                                         {product} {ergonomic}
   size_t G1HeapRegionSize                         = 1048576                                   {product} {ergonomic}
    uintx GCDrainStackTargetSize                   = 64                                        {product} {ergonomic}
   size_t InitialHeapSize                          = 132120576                                 {product} {ergonomic}
   size_t MarkStackSize                            = 4194304                                   {product} {ergonomic}
   size_t MaxHeapSize                              = 2090860544                                {product} {ergonomic}
   size_t MaxNewSize                               = 1254096896                                {product} {ergonomic}
   size_t MinHeapDeltaBytes                        = 1048576                                   {product} {ergonomic}
   size_t MinHeapSize                              = 8388608                                   {product} {ergonomic}
    uintx NonNMethodCodeHeapSize                   = 5839372                                {pd product} {ergonomic}
    uintx NonProfiledCodeHeapSize                  = 122909434                              {pd product} {ergonomic}
    uintx ProfiledCodeHeapSize                     = 122909434                              {pd product} {ergonomic}
    uintx ReservedCodeCacheSize                    = 251658240                              {pd product} {ergonomic}
     bool SegmentedCodeCache                       = true                                      {product} {ergonomic}
     bool ShowCodeDetailsInExceptionMessages       = true                                   {manageable} {command line}
   size_t SoftMaxHeapSize                          = 2090860544                             {manageable} {ergonomic}
     bool UseCompressedClassPointers               = true                           {product lp64_product} {ergonomic}
     bool UseCompressedOops                        = true                           {product lp64_product} {ergonomic}
     bool UseG1GC                                  = true                                      {product} {ergonomic}
     bool UseLargePagesIndividualAllocation        = false                                  {pd product} {ergonomic}

Logging:
Log output configuration:
 #0: stdout all=warning uptime,level,tags
 #1: stderr all=off uptime,level,tags

Environment Variables:
PATH=C:/Users/Hp/Downloads/eclipse//plugins/org.eclipse.justj.openjdk.hotspot.jre.full.win32.x86_64_17.0.5.v20221102-0933/jre/bin/server;C:/Users/Hp/Downloads/eclipse//plugins/org.eclipse.justj.openjdk.hotspot.jre.full.win32.x86_64_17.0.5.v20221102-0933/jre/bin;C:\Program Files\Python311\Scripts\;C:\Program Files\Python311\;C:\oraclexe\app\oracle\product\11.2.0\server\bin;C:\ProgramData\Oracle\Java\javapath;C:\WINDOWS\system32;C:\WINDOWS;C:\WINDOWS\System32\Wbem;C:\WINDOWS\System32\WindowsPowerShell\v1.0\;C:\WINDOWS\System32\OpenSSH\;C:\MinGW\bin;D:\swipl\bin;C:\Program Files\Java\jdk-12\bin;C:\Program Files\Java\jre1.8.0_112\bin;C:\Program Files\MySQL\MySQL Shell 8.0\bin\;C:\Users\Hp\AppData\Local\Microsoft\WindowsApps;C:\Users\Hp\AppData\Local\Programs\Microsoft VS Code\bin;;C:\Users\Hp\Downloads\eclipse;
USERNAME=Hp
OS=Windows_NT
PROCESSOR_IDENTIFIER=Intel64 Family 6 Model 126 Stepping 5, GenuineIntel
TMP=C:\Users\Hp\AppData\Local\Temp
TEMP=C:\Users\Hp\AppData\Local\Temp



---------------  S Y S T E M  ---------------

OS:
 Windows 10 , 64 bit Build 19041 (10.0.19041.2788)
OS uptime: 2 days 12:10 hours
Hyper-V role detected

CPU: total 8 (initial active 8) (4 cores per cpu, 2 threads per core) family 6 model 126 stepping 5 microcode 0xa6, cx8, cmov, fxsr, ht, mmx, 3dnowpref, sse, sse2, sse3, ssse3, sse4.1, sse4.2, popcnt, lzcnt, tsc, tscinvbit, avx, avx2, aes, erms, clmul, bmi1, bmi2, adx, avx512f, avx512dq, avx512cd, avx512bw, avx512vl, sha, fma, vzeroupper, avx512_vpopcntdq, avx512_vpclmulqdq, avx512_vaes, avx512_vnni, clflush, clflushopt, avx512_vbmi2, avx512_vbmi, hv

Memory: 4k page, system-wide physical 7973M (477M free)
TotalPageFile size 32549M (AvailPageFile size 3M)
current process WorkingSet (physical memory assigned to process): 52M, peak: 52M
current process commit charge ("private bytes"): 213M, peak: 213M

vm_info: OpenJDK 64-Bit Server VM (17.0.5+8) for windows-amd64 JRE (17.0.5+8), built on Oct 19 2022 04:48:13 by "temurin" with MS VC++ 16.7 (VS2019)

END.
